<?xml version="1.0" encoding="UTF-8"?>
<!-- Generated by org.testng.reporters.JUnitReportReporter -->
<testsuite skipped="0" hostname="DESKTOP-5TD5KAN" name="scenarios.Flipkart" tests="2" failures="0" timestamp="19 Dec 2020 07:51:22 GMT" time="24.655" errors="0">
  <testcase name="handleLoginPoup" time="14.347" classname="scenarios.Flipkart"/>
  <testcase name="fetchResults" time="10.308" classname="scenarios.Flipkart"/>
</testsuite> <!-- scenarios.Flipkart -->
